/usr/bin/ld: /usr/bin/ld: /usr/bin/ld: /usr/bin/ld: /usr/bin/ld: /usr/bin/ld: /usr/bin/ld: libsfem.a(sfem_Function_incore_cuda.cpp.o): in function `libsfem.a(sfem_Function_incore_cuda.cpp.o): in function `sfem::GPUKelvinVoigtNewmark::gradient(double const*, double*)sfem::GPUKelvinVoigtNewmark::gradient(double const*, double*)':
':
/users/hyang/ws/sfem_github/sfem/frontend/cuda/sfem_Function_incore_cuda.cpp:/users/hyang/ws/sfem_github/sfem/frontend/cuda/sfem_Function_incore_cuda.cpp:1151:1151:((.text._ZN4sfem21GPUKelvinVoigtNewmark8gradientEPKdPd.text._ZN4sfem21GPUKelvinVoigtNewmark8gradientEPKdPd[_ZN4sfem21GPUKelvinVoigtNewmark8gradientEPKdPd]+0x[_ZN4sfem21GPUKelvinVoigtNewmark8gradientEPKdPd]+0x240): undefined reference to `cu_kelvin_voigt_apply'
240): undefined reference to `cu_kelvin_voigt_apply'
/usr/bin/ld/usr/bin/ld: : libsfem.a(sfem_Function_incore_cuda.cpp.o)libsfem.a(sfem_Function_incore_cuda.cpp.o): in function `: in function `sfem::GPUKelvinVoigtNewmark::apply(double const*, double const*, double*)sfem::GPUKelvinVoigtNewmark::apply(double const*, double const*, double*)':
':
/users/hyang/ws/sfem_github/sfem/frontend/cuda/sfem_Function_incore_cuda.cpp:/users/hyang/ws/sfem_github/sfem/frontend/cuda/sfem_Function_incore_cuda.cpp:1221:1221:((.text._ZN4sfem21GPUKelvinVoigtNewmark5applyEPKdS2_Pd.text._ZN4sfem21GPUKelvinVoigtNewmark5applyEPKdS2_Pd[_ZN4sfem21GPUKelvinVoigtNewmark5applyEPKdS2_Pd][_ZN4sfem21GPUKelvinVoigtNewmark5applyEPKdS2_Pd]+0x+0x244)244: undefined reference to `): undefined reference to `cu_kelvin_voigt_applycu_kelvin_voigt_apply'
'
libsfem.a(sfem_Function_incore_cuda.cpp.o): in function `sfem::GPUKelvinVoigtNewmark::gradient(double const*, double*)':
/users/hyang/ws/sfem_github/sfem/frontend/cuda/sfem_Function_incore_cuda.cpp:1151:(.text._ZN4sfem21GPUKelvinVoigtNewmark8gradientEPKdPd[_ZN4sfem21GPUKelvinVoigtNewmark8gradientEPKdPd]+0x240): undefined reference to `cu_kelvin_voigt_apply'
/usr/bin/ld: libsfem.a(sfem_Function_incore_cuda.cpp.o): in function `sfem::GPUKelvinVoigtNewmark::apply(double const*, double const*, double*)':
/users/hyang/ws/sfem_github/sfem/frontend/cuda/sfem_Function_incore_cuda.cpp:1221:(.text._ZN4sfem21GPUKelvinVoigtNewmark5applyEPKdS2_Pd[_ZN4sfem21GPUKelvinVoigtNewmark5applyEPKdS2_Pd]+0x244): undefined reference to `cu_kelvin_voigt_apply'
libsfem.a(sfem_Function_incore_cuda.cpp.o): in function `sfem::GPUKelvinVoigtNewmark::gradient(double const*, double*)':
/users/hyang/ws/sfem_github/sfem/frontend/cuda/sfem_Function_incore_cuda.cpp:1151:(.text._ZN4sfem21GPUKelvinVoigtNewmark8gradientEPKdPd[_ZN4sfem21GPUKelvinVoigtNewmark8gradientEPKdPd]+0x240): undefined reference to `cu_kelvin_voigt_apply'
/usr/bin/ld: libsfem.a(sfem_Function_incore_cuda.cpp.o): in function `sfem::GPUKelvinVoigtNewmark::apply(double const*, double const*, double*)':
/users/hyang/ws/sfem_github/sfem/frontend/cuda/sfem_Function_incore_cuda.cpp:1221:(.text._ZN4sfem21GPUKelvinVoigtNewmark5applyEPKdS2_Pd[_ZN4sfem21GPUKelvinVoigtNewmark5applyEPKdS2_Pd]+0x244): undefined reference to `cu_kelvin_voigt_apply'
libsfem.a(sfem_Function_incore_cuda.cpp.o): in function `sfem::GPUKelvinVoigtNewmark::gradient(double const*, double*)':
/users/hyang/ws/sfem_github/sfem/frontend/cuda/sfem_Function_incore_cuda.cpp:1151:(.text._ZN4sfem21GPUKelvinVoigtNewmark8gradientEPKdPd[_ZN4sfem21GPUKelvinVoigtNewmark8gradientEPKdPd]+0x240): undefined reference to `cu_kelvin_voigt_apply'
/usr/bin/ld: libsfem.a(sfem_Function_incore_cuda.cpp.o): in function `sfem::GPUKelvinVoigtNewmark::apply(double const*, double const*, double*)':
/users/hyang/ws/sfem_github/sfem/frontend/cuda/sfem_Function_incore_cuda.cpp:1221:(.text._ZN4sfem21GPUKelvinVoigtNewmark5applyEPKdS2_Pd[_ZN4sfem21GPUKelvinVoigtNewmark5applyEPKdS2_Pd]+0x244): undefined reference to `cu_kelvin_voigt_apply'
libsfem.a(sfem_Function_incore_cuda.cpp.o): in function `sfem::GPUKelvinVoigtNewmark::gradient(double const*, double*)':
/users/hyang/ws/sfem_github/sfem/frontend/cuda/sfem_Function_incore_cuda.cpp:1151:(.text._ZN4sfem21GPUKelvinVoigtNewmark8gradientEPKdPd[_ZN4sfem21GPUKelvinVoigtNewmark8gradientEPKdPd]+0x240): undefined reference to `cu_kelvin_voigt_apply'
/usr/bin/ld: libsfem.a(sfem_Function_incore_cuda.cpp.o): in function `sfem::GPUKelvinVoigtNewmark::apply(double const*, double const*, double*)':
/users/hyang/ws/sfem_github/sfem/frontend/cuda/sfem_Function_incore_cuda.cpp:1221:(.text._ZN4sfem21GPUKelvinVoigtNewmark5applyEPKdS2_Pd[_ZN4sfem21GPUKelvinVoigtNewmark5applyEPKdS2_Pd]+0x244): undefined reference to `cu_kelvin_voigt_apply'
libsfem.a(sfem_Function_incore_cuda.cpp.o): in function `sfem::GPUKelvinVoigtNewmark::gradient(double const*, double*)':
/users/hyang/ws/sfem_github/sfem/frontend/cuda/sfem_Function_incore_cuda.cpp:1151:(.text._ZN4sfem21GPUKelvinVoigtNewmark8gradientEPKdPd[_ZN4sfem21GPUKelvinVoigtNewmark8gradientEPKdPd]+0x240): undefined reference to `cu_kelvin_voigt_apply'
/usr/bin/ld: libsfem.a(sfem_Function_incore_cuda.cpp.o): in function `sfem::GPUKelvinVoigtNewmark::apply(double const*, double const*, double*)':
/users/hyang/ws/sfem_github/sfem/frontend/cuda/sfem_Function_incore_cuda.cpp:1221:(.text._ZN4sfem21GPUKelvinVoigtNewmark5applyEPKdS2_Pd[_ZN4sfem21GPUKelvinVoigtNewmark5applyEPKdS2_Pd]+0x244): undefined reference to `cu_kelvin_voigt_apply'
collect2: error: ld returned 1 exit status
make[2]: *** [CMakeFiles/cdiv.dir/build.make:107: cdiv] Error 1
make[1]: *** [CMakeFiles/Makefile2:563: CMakeFiles/cdiv.dir/all] Error 2
make[1]: *** Waiting for unfinished jobs....
collect2: error: ld returned 1 exit status
make[2]: *** [CMakeFiles/assemble_adjaciency_matrix.dir/build.make:107: assemble_adjaciency_matrix] Error 1
make[1]: *** [CMakeFiles/Makefile2:459: CMakeFiles/assemble_adjaciency_matrix.dir/all] Error 2
collect2: error: ld returned 1 exit status
make[2]: *** [CMakeFiles/assemble.dir/build.make:107: assemble] Error 1
make[1]: *** [CMakeFiles/Makefile2:381: CMakeFiles/assemble.dir/all] Error 2
collect2: error: ld returned 1 exit status
make[2]: *** [CMakeFiles/assemble4.dir/build.make:107: assemble4] Error 1
collect2: error: ld returned 1 exit status
make[2]: *** [CMakeFiles/cgrad.dir/build.make:107: cgrad] Error 1
collect2: error: ld returned 1 exit status
make[2]: *** [CMakeFiles/cauchy_stress.dir/build.make:107: cauchy_stress] Error 1
make[1]: *** [CMakeFiles/Makefile2:589: CMakeFiles/cgrad.dir/all] Error 2
make[1]: *** [CMakeFiles/Makefile2:433: CMakeFiles/assemble4.dir/all] Error 2
make[1]: *** [CMakeFiles/Makefile2:537: CMakeFiles/cauchy_stress.dir/all] Error 2
collect2: error: ld returned 1 exit status
make[2]: *** [CMakeFiles/assemble3.dir/build.make:107: assemble3] Error 1
make[1]: *** [CMakeFiles/Makefile2:407: CMakeFiles/assemble3.dir/all] Error 2
/usr/bin/ld: /usr/bin/ld: /usr/bin/ld: libsfem.a(sfem_Function_incore_cuda.cpp.o): in function `sfem::GPUKelvinVoigtNewmark::gradient(double const*, double*)':
/users/hyang/ws/sfem_github/sfem/frontend/cuda/sfem_Function_incore_cuda.cpp:1151:(.text._ZN4sfem21GPUKelvinVoigtNewmark8gradientEPKdPd[_ZN4sfem21GPUKelvinVoigtNewmark8gradientEPKdPd]+0x240): undefined reference to `cu_kelvin_voigt_apply'
/usr/bin/ld: libsfem.a(sfem_Function_incore_cuda.cpp.o): in function `sfem::GPUKelvinVoigtNewmark::apply(double const*, double const*, double*)':
/users/hyang/ws/sfem_github/sfem/frontend/cuda/sfem_Function_incore_cuda.cpp:1221:(.text._ZN4sfem21GPUKelvinVoigtNewmark5applyEPKdS2_Pd[_ZN4sfem21GPUKelvinVoigtNewmark5applyEPKdS2_Pd]+0x244): undefined reference to `cu_kelvin_voigt_apply'
libsfem.a(sfem_Function_incore_cuda.cpp.o): in function `sfem::GPUKelvinVoigtNewmark::gradient(double const*, double*)':
/users/hyang/ws/sfem_github/sfem/frontend/cuda/sfem_Function_incore_cuda.cpp:1151:(.text._ZN4sfem21GPUKelvinVoigtNewmark8gradientEPKdPd[_ZN4sfem21GPUKelvinVoigtNewmark8gradientEPKdPd]+0xlibsfem.a(sfem_Function_incore_cuda.cpp.o): in function `240): undefined reference to `cu_kelvin_voigt_apply'
sfem::GPUKelvinVoigtNewmark::gradient(double const*, double*)':
/users/hyang/ws/sfem_github/sfem/frontend/cuda/sfem_Function_incore_cuda.cpp:1151:(.text._ZN4sfem21GPUKelvinVoigtNewmark8gradientEPKdPd[_ZN4sfem21GPUKelvinVoigtNewmark8gradientEPKdPd]+0x240): undefined reference to `cu_kelvin_voigt_apply'
/usr/bin/ld: /usr/bin/ld: libsfem.a(sfem_Function_incore_cuda.cpp.o): in function `sfem::GPUKelvinVoigtNewmark::apply(double const*, double const*, double*)':
/users/hyang/ws/sfem_github/sfem/frontend/cuda/sfem_Function_incore_cuda.cpp:1221:(.text._ZN4sfem21GPUKelvinVoigtNewmark5applyEPKdS2_Pd[_ZN4sfem21GPUKelvinVoigtNewmark5applyEPKdS2_Pd]+0x244): undefined reference to `cu_kelvin_voigt_applylibsfem.a(sfem_Function_incore_cuda.cpp.o)'
: in function `sfem::GPUKelvinVoigtNewmark::apply(double const*, double const*, double*)':
/users/hyang/ws/sfem_github/sfem/frontend/cuda/sfem_Function_incore_cuda.cpp:1221:(.text._ZN4sfem21GPUKelvinVoigtNewmark5applyEPKdS2_Pd[_ZN4sfem21GPUKelvinVoigtNewmark5applyEPKdS2_Pd]+0x244): undefined reference to `cu_kelvin_voigt_apply'
/usr/bin/ld: collect2: error: ld returned 1 exit status
make[2]: *** [CMakeFiles/count_element_to_node_incidence.dir/build.make:107: count_element_to_node_incidence] Error 1
make[1]: *** [CMakeFiles/Makefile2:667: CMakeFiles/count_element_to_node_incidence.dir/all] Error 2
collect2: error: ld returned 1 exit status
make[2]: *** [CMakeFiles/cprincipal_stresses.dir/build.make:107: cprincipal_stresses] Error 1
make[1]: *** [CMakeFiles/Makefile2:719: CMakeFiles/cprincipal_stresses.dir/all] Error 2
collect2: error: ld returned 1 exit status
make[2]: *** [CMakeFiles/cprincipal_strains.dir/build.make:107: cprincipal_strains] Error 1
make[1]: *** [CMakeFiles/Makefile2:693: CMakeFiles/cprincipal_strains.dir/all] Error 2
libsfem.a(sfem_Function_incore_cuda.cpp.o): in function `sfem::GPUKelvinVoigtNewmark::gradient(double const*, double*)':
/users/hyang/ws/sfem_github/sfem/frontend/cuda/sfem_Function_incore_cuda.cpp:1151:(.text._ZN4sfem21GPUKelvinVoigtNewmark8gradientEPKdPd[_ZN4sfem21GPUKelvinVoigtNewmark8gradientEPKdPd]+0x240): undefined reference to `cu_kelvin_voigt_apply'
/usr/bin/ld: libsfem.a(sfem_Function_incore_cuda.cpp.o): in function `sfem::GPUKelvinVoigtNewmark::apply(double const*, double const*, double*)':
/users/hyang/ws/sfem_github/sfem/frontend/cuda/sfem_Function_incore_cuda.cpp:1221:(.text._ZN4sfem21GPUKelvinVoigtNewmark5applyEPKdS2_Pd[_ZN4sfem21GPUKelvinVoigtNewmark5applyEPKdS2_Pd]+0x244): undefined reference to `cu_kelvin_voigt_apply'
collect2: error: ld returned 1 exit status
make[2]: *** [CMakeFiles/create_ring_mesh.dir/build.make:107: create_ring_mesh] Error 1
make[1]: *** [CMakeFiles/Makefile2:823: CMakeFiles/create_ring_mesh.dir/all] Error 2
/usr/bin/ld: libsfem.a(sfem_Function_incore_cuda.cpp.o): in function `sfem::GPUKelvinVoigtNewmark::gradient(double const*, double*)':
/users/hyang/ws/sfem_github/sfem/frontend/cuda/sfem_Function_incore_cuda.cpp:1151:(.text._ZN4sfem21GPUKelvinVoigtNewmark8gradientEPKdPd[_ZN4sfem21GPUKelvinVoigtNewmark8gradientEPKdPd]+0x240): undefined reference to `cu_kelvin_voigt_apply'
/usr/bin/ld: libsfem.a(sfem_Function_incore_cuda.cpp.o): in function `sfem::GPUKelvinVoigtNewmark::apply(double const*, double const*, double*)':
/users/hyang/ws/sfem_github/sfem/frontend/cuda/sfem_Function_incore_cuda.cpp:1221:(.text._ZN4sfem21GPUKelvinVoigtNewmark5applyEPKdS2_Pd[_ZN4sfem21GPUKelvinVoigtNewmark5applyEPKdS2_Pd]+0x244): undefined reference to `cu_kelvin_voigt_apply'
collect2: error: ld returned 1 exit status
make[2]: *** [CMakeFiles/create_surface_from_element_adjaciency_table.dir/build.make:107: create_surface_from_element_adjaciency_table] Error 1
make[1]: *** [CMakeFiles/Makefile2:849: CMakeFiles/create_surface_from_element_adjaciency_table.dir/all] Error 2
make: *** [Makefile:146: all] Error 2
srun: error: nid006562: task 0: Exited with exit code 2
srun: Terminating StepId=1707613.0
