In file included from /users/hyang/ws/sfem_github/sfem/base/./sfem_defs.h:6,
                 from /users/hyang/ws/sfem_github/sfem/frontend/./sfem_FunctionSpace.hpp:5,
                 from /users/hyang/ws/sfem_github/sfem/frontend/ops/sfem_Op.hpp:13,
                 from /users/hyang/ws/sfem_github/sfem/frontend/ops/sfem_NeoHookeanOgden.hpp:2,
                 from /users/hyang/ws/sfem_github/sfem/frontend/ops/sfem_NeoHookeanOgden.cpp:1:
/users/hyang/ws/sfem_github/sfem/frontend/ops/sfem_NeoHookeanOgden.cpp: In member function 'int sfem::AssemblyData::compress_partial_assembly(sfem::OpDomain&)':
/users/hyang/ws/sfem_github/sfem/frontend/ops/sfem_NeoHookeanOgden.cpp:82:45: error: call of overloaded 'isfinite(_Float16&)' is ambiguous
   82 |                         assert(std::isfinite(paci[v]));
      |                                ~~~~~~~~~~~~~^~~~~~~~~
In file included from /user-environment/linux-sles15-neoverse_v2/gcc-12.3.0/gcc-13.2.0-ovoccgdkliyjau5dh677rcz5ierchnaz/lib/gcc/aarch64-unknown-linux-gnu/13.2.0/../../../../include/c++/13.2.0/math.h:36,
                 from /users/hyang/ws/sfem_github/sfem/operators/tet4/./tet4_partial_assembly_neohookean_inline.h:4,
                 from /users/hyang/ws/sfem_github/sfem/frontend/ops/sfem_NeoHookeanOgden.cpp:22:
/user-environment/linux-sles15-neoverse_v2/gcc-12.3.0/gcc-13.2.0-ovoccgdkliyjau5dh677rcz5ierchnaz/lib/gcc/aarch64-unknown-linux-gnu/13.2.0/../../../../include/c++/13.2.0/cmath:1122:3: note: candidate: 'constexpr bool std::isfinite(float)'
 1122 |   isfinite(float __x)
      |   ^~~~~~~~
/user-environment/linux-sles15-neoverse_v2/gcc-12.3.0/gcc-13.2.0-ovoccgdkliyjau5dh677rcz5ierchnaz/lib/gcc/aarch64-unknown-linux-gnu/13.2.0/../../../../include/c++/13.2.0/cmath:1126:3: note: candidate: 'constexpr bool std::isfinite(double)'
 1126 |   isfinite(double __x)
      |   ^~~~~~~~
/user-environment/linux-sles15-neoverse_v2/gcc-12.3.0/gcc-13.2.0-ovoccgdkliyjau5dh677rcz5ierchnaz/lib/gcc/aarch64-unknown-linux-gnu/13.2.0/../../../../include/c++/13.2.0/cmath:1130:3: note: candidate: 'constexpr bool std::isfinite(long double)'
 1130 |   isfinite(long double __x)
      |   ^~~~~~~~
make[2]: *** [CMakeFiles/sfem.dir/build.make:2736: CMakeFiles/sfem.dir/frontend/ops/sfem_NeoHookeanOgden.cpp.o] Error 1
make[2]: *** Waiting for unfinished jobs....
ptxas info    : 0 bytes gmem
ptxas info    : 0 bytes gmem
ptxas info    : Compiling entry function '_Z20cu_mask_nodes_kernellPKiiiPi' for 'sm_90'
ptxas info    : Function properties for _Z20cu_mask_nodes_kernellPKiiiPi
    0 bytes stack frame, 0 bytes spill stores, 0 bytes spill loads
ptxas info    : Used 12 registers
ptxas info    : 0 bytes gmem
ptxas info    : Compiling entry function '_Z33cu_displace_surface_points_kernelilPKiPPfPKdS2_' for 'sm_90'
ptxas info    : Function properties for _Z33cu_displace_surface_points_kernelilPKiPPfPKdS2_
    0 bytes stack frame, 0 bytes spill stores, 0 bytes spill loads
ptxas info    : Used 32 registers
ptxas info    : Compiling entry function '_Z25cu_displace_points_kernelilPKiPPfPKdS2_' for 'sm_90'
ptxas info    : Function properties for _Z25cu_displace_points_kernelilPKiPPfPKdS2_
    0 bytes stack frame, 0 bytes spill stores, 0 bytes spill loads
ptxas info    : Used 32 registers
ptxas info    : 0 bytes gmem
ptxas info    : Compiling entry function 'cu_crs_constraint_nodes_to_identity_vec_kernel' for 'sm_90'
ptxas info    : Function properties for cu_crs_constraint_nodes_to_identity_vec_kernel
    0 bytes stack frame, 0 bytes spill stores, 0 bytes spill loads
ptxas info    : Used 32 registers
ptxas info    : Compiling entry function 'constraint_gradient_nodes_to_value_vec_kernel' for 'sm_90'
ptxas info    : Function properties for constraint_gradient_nodes_to_value_vec_kernel
    0 bytes stack frame, 0 bytes spill stores, 0 bytes spill loads
ptxas info    : Used 32 registers
ptxas info    : Compiling entry function 'constraint_nodes_to_values_vec_kernel' for 'sm_90'
ptxas info    : Function properties for constraint_nodes_to_values_vec_kernel
    0 bytes stack frame, 0 bytes spill stores, 0 bytes spill loads
ptxas info    : Used 32 registers
ptxas info    : Compiling entry function 'constraint_nodes_to_value_vec_kernel' for 'sm_90'
ptxas info    : Function properties for constraint_nodes_to_value_vec_kernel
    0 bytes stack frame, 0 bytes spill stores, 0 bytes spill loads
ptxas info    : Used 26 registers
ptxas info    : Compiling entry function 'constraint_nodes_copy_vec_kernel' for 'sm_90'
ptxas info    : Function properties for constraint_nodes_copy_vec_kernel
    0 bytes stack frame, 0 bytes spill stores, 0 bytes spill loads
ptxas info    : Used 28 registers
ptxas info    : 237 bytes gmem
ptxas info    : Compiling entry function '_ZN4sfem8private_10sbv3_applyIfddEEvlPKT_PKT0_PT1_' for 'sm_90'
ptxas info    : Function properties for _ZN4sfem8private_10sbv3_applyIfddEEvlPKT_PKT0_PT1_
    0 bytes stack frame, 0 bytes spill stores, 0 bytes spill loads
ptxas info    : Used 32 registers
ptxas info    : Compiling entry function '_ZN4sfem8private_21sbv3_sym_diag_to_diagIdfEEvlPKT_PT0_' for 'sm_90'
ptxas info    : Function properties for _ZN4sfem8private_21sbv3_sym_diag_to_diagIdfEEvlPKT_PT0_
    0 bytes stack frame, 0 bytes spill stores, 0 bytes spill loads
ptxas info    : Used 32 registers
ptxas info    : Compiling entry function '_ZN4sfem8private_25sbv3_add_sym_diag_to_diagIdfEEvlPKT_PT0_' for 'sm_90'
ptxas info    : Function properties for _ZN4sfem8private_25sbv3_add_sym_diag_to_diagIdfEEvlPKT_PT0_
    0 bytes stack frame, 0 bytes spill stores, 0 bytes spill loads
ptxas info    : Used 38 registers
ptxas info    : Compiling entry function '_ZN4sfem8private_32sbv3_add_sparse_sym_diag_to_diagIddfEEvlPKiPKT_PKT0_PT1_' for 'sm_90'
ptxas info    : Function properties for _ZN4sfem8private_32sbv3_add_sparse_sym_diag_to_diagIddfEEvlPKiPKT_PKT0_PT1_
    0 bytes stack frame, 0 bytes spill stores, 0 bytes spill loads
ptxas info    : Used 40 registers
ptxas info    : Compiling entry function '_ZN4sfem8private_26inverse3_inplace_apply_AoSIfEEvlPT_' for 'sm_90'
ptxas info    : Function properties for _ZN4sfem8private_26inverse3_inplace_apply_AoSIfEEvlPT_
    0 bytes stack frame, 0 bytes spill stores, 0 bytes spill loads
ptxas info    : Used 34 registers
ptxas info    : Compiling entry function '_ZN4sfem8private_11mask3_applyIfEEvlPKiPT_' for 'sm_90'
ptxas info    : Function properties for _ZN4sfem8private_11mask3_applyIfEEvlPKiPT_
    0 bytes stack frame, 0 bytes spill stores, 0 bytes spill loads
ptxas info    : Used 30 registers
ptxas info    : Compiling entry function '_ZN4sfem8private_10sbv3_applyIfffEEvlPKT_PKT0_PT1_' for 'sm_90'
ptxas info    : Function properties for _ZN4sfem8private_10sbv3_applyIfffEEvlPKT_PKT0_PT1_
    0 bytes stack frame, 0 bytes spill stores, 0 bytes spill loads
ptxas info    : Used 32 registers
ptxas info    : Compiling entry function '_ZN4sfem8private_21sbv3_sym_diag_to_diagIffEEvlPKT_PT0_' for 'sm_90'
ptxas info    : Function properties for _ZN4sfem8private_21sbv3_sym_diag_to_diagIffEEvlPKT_PT0_
    0 bytes stack frame, 0 bytes spill stores, 0 bytes spill loads
ptxas info    : Used 32 registers
ptxas info    : Compiling entry function '_ZN4sfem8private_25sbv3_add_sym_diag_to_diagIffEEvlPKT_PT0_' for 'sm_90'
ptxas info    : Function properties for _ZN4sfem8private_25sbv3_add_sym_diag_to_diagIffEEvlPKT_PT0_
    0 bytes stack frame, 0 bytes spill stores, 0 bytes spill loads
ptxas info    : Used 32 registers
ptxas info    : Compiling entry function '_ZN4sfem8private_32sbv3_add_sparse_sym_diag_to_diagIfffEEvlPKiPKT_PKT0_PT1_' for 'sm_90'
ptxas info    : Function properties for _ZN4sfem8private_32sbv3_add_sparse_sym_diag_to_diagIfffEEvlPKiPKT_PKT0_PT1_
    0 bytes stack frame, 0 bytes spill stores, 0 bytes spill loads
ptxas info    : Used 32 registers
ptxas info    : Compiling entry function '_ZN4sfem8private_26inverse3_inplace_apply_AoSIdEEvlPT_' for 'sm_90'
ptxas info    : Function properties for _ZN4sfem8private_26inverse3_inplace_apply_AoSIdEEvlPT_
    0 bytes stack frame, 0 bytes spill stores, 0 bytes spill loads
ptxas info    : Used 56 registers
ptxas info    : Compiling entry function '_ZN4sfem8private_11mask3_applyIdEEvlPKiPT_' for 'sm_90'
ptxas info    : Function properties for _ZN4sfem8private_11mask3_applyIdEEvlPKiPT_
    0 bytes stack frame, 0 bytes spill stores, 0 bytes spill loads
ptxas info    : Used 28 registers
ptxas info    : Compiling entry function '_ZN4sfem8private_10sbv3_applyIdddEEvlPKT_PKT0_PT1_' for 'sm_90'
ptxas info    : Function properties for _ZN4sfem8private_10sbv3_applyIdddEEvlPKT_PKT0_PT1_
    0 bytes stack frame, 0 bytes spill stores, 0 bytes spill loads
ptxas info    : Used 32 registers
ptxas info    : Compiling entry function '_ZN4sfem8private_21sbv3_sym_diag_to_diagIddEEvlPKT_PT0_' for 'sm_90'
ptxas info    : Function properties for _ZN4sfem8private_21sbv3_sym_diag_to_diagIddEEvlPKT_PT0_
    0 bytes stack frame, 0 bytes spill stores, 0 bytes spill loads
ptxas info    : Used 32 registers
ptxas info    : Compiling entry function '_ZN4sfem8private_25sbv3_add_sym_diag_to_diagIddEEvlPKT_PT0_' for 'sm_90'
ptxas info    : Function properties for _ZN4sfem8private_25sbv3_add_sym_diag_to_diagIddEEvlPKT_PT0_
    0 bytes stack frame, 0 bytes spill stores, 0 bytes spill loads
ptxas info    : Used 32 registers
ptxas info    : Compiling entry function '_ZN4sfem8private_32sbv3_add_sparse_sym_diag_to_diagIdddEEvlPKiPKT_PKT0_PT1_' for 'sm_90'
ptxas info    : Function properties for _ZN4sfem8private_32sbv3_add_sparse_sym_diag_to_diagIdddEEvlPKiPKT_PKT0_PT1_
    0 bytes stack frame, 0 bytes spill stores, 0 bytes spill loads
ptxas info    : Used 32 registers
ptxas info    : 135 bytes gmem
ptxas info    : Compiling entry function '_ZN4sfem16sbv_mult3_kernelIdEEvlPKiPKT_S5_S5_PS3_' for 'sm_90'
ptxas info    : Function properties for _ZN4sfem16sbv_mult3_kernelIdEEvlPKiPKT_S5_S5_PS3_
    0 bytes stack frame, 0 bytes spill stores, 0 bytes spill loads
ptxas info    : Used 38 registers
ptxas info    : Compiling entry function '_ZN4sfem16sbv_mult3_kernelIfEEvlPKiPKT_S5_S5_PS3_' for 'sm_90'
ptxas info    : Function properties for _ZN4sfem16sbv_mult3_kernelIfEEvlPKiPKT_S5_S5_PS3_
    0 bytes stack frame, 0 bytes spill stores, 0 bytes spill loads
ptxas info    : Used 32 registers
ptxas info    : Compiling entry function '_Z14tvalues_kernelIfEvlT_PS0_' for 'sm_90'
ptxas info    : Function properties for _Z14tvalues_kernelIfEvlT_PS0_
    0 bytes stack frame, 0 bytes spill stores, 0 bytes spill loads
ptxas info    : Used 20 registers
ptxas info    : Compiling entry function '_Z17reciprocal_kernelIfEvlT_PS0_' for 'sm_90'
ptxas info    : Function properties for _Z17reciprocal_kernelIfEvlT_PS0_
    0 bytes stack frame, 0 bytes spill stores, 0 bytes spill loads
ptxas info    : Used 22 registers
ptxas info    : Compiling entry function '_Z13txypaz_kernelIfEvlPKT_S2_S0_PS0_' for 'sm_90'
ptxas info    : Function properties for _Z13txypaz_kernelIfEvlPKT_S2_S0_PS0_
    0 bytes stack frame, 0 bytes spill stores, 0 bytes spill loads
ptxas info    : Used 28 registers
ptxas info    : Compiling entry function '_Z14tvalues_kernelIdEvlT_PS0_' for 'sm_90'
ptxas info    : Function properties for _Z14tvalues_kernelIdEvlT_PS0_
    0 bytes stack frame, 0 bytes spill stores, 0 bytes spill loads
ptxas info    : Used 20 registers
ptxas info    : Compiling entry function '_Z17reciprocal_kernelIdEvlT_PS0_' for 'sm_90'
ptxas info    : Function properties for _Z17reciprocal_kernelIdEvlT_PS0_
    0 bytes stack frame, 0 bytes spill stores, 0 bytes spill loads
ptxas info    : Used 32 registers
ptxas info    : Compiling entry function '_Z13txypaz_kernelIdEvlPKT_S2_S0_PS0_' for 'sm_90'
ptxas info    : Function properties for _Z13txypaz_kernelIdEvlPKT_S2_S0_PS0_
    0 bytes stack frame, 0 bytes spill stores, 0 bytes spill loads
ptxas info    : Used 30 registers
ptxas info    : Compiling entry function '_Z4tdivIdEvlPKT_S2_PS0_' for 'sm_90'
ptxas info    : Function properties for _Z4tdivIdEvlPKT_S2_PS0_
    0 bytes stack frame, 0 bytes spill stores, 0 bytes spill loads
ptxas info    : Used 29 registers
ptxas info    : 201 bytes gmem
ptxas info    : Compiling entry function '_ZN4sfem19calc_J_pen_p_kernelIdEEvlPKT_S1_S3_S3_PS1_' for 'sm_90'
ptxas info    : Function properties for _ZN4sfem19calc_J_pen_p_kernelIdEEvlPKT_S1_S3_S3_PS1_
    0 bytes stack frame, 0 bytes spill stores, 0 bytes spill loads
ptxas info    : Used 41 registers
ptxas info    : Compiling entry function '_ZN4sfem19calc_J_pen_m_kernelIdEEvlPKT_S1_S3_S3_PS1_' for 'sm_90'
ptxas info    : Function properties for _ZN4sfem19calc_J_pen_m_kernelIdEEvlPKT_S1_S3_S3_PS1_
    0 bytes stack frame, 0 bytes spill stores, 0 bytes spill loads
ptxas info    : Used 41 registers
ptxas info    : Compiling entry function '_ZN4sfem20update_lagr_m_kernelIdEEvlT_PKS1_S3_PS1_' for 'sm_90'
ptxas info    : Function properties for _ZN4sfem20update_lagr_m_kernelIdEEvlT_PKS1_S3_PS1_
    0 bytes stack frame, 0 bytes spill stores, 0 bytes spill loads
ptxas info    : Used 26 registers
ptxas info    : Compiling entry function '_ZN4sfem20update_lagr_p_kernelIdEEvlT_PKS1_S3_PS1_' for 'sm_90'
ptxas info    : Function properties for _ZN4sfem20update_lagr_p_kernelIdEEvlT_PKS1_S3_PS1_
    0 bytes stack frame, 0 bytes spill stores, 0 bytes spill loads
ptxas info    : Used 26 registers
ptxas info    : Compiling entry function '_ZN4sfem13ramp_m_kernelIdEEvlT_PKS1_S3_S3_PS1_' for 'sm_90'
ptxas info    : Function properties for _ZN4sfem13ramp_m_kernelIdEEvlT_PKS1_S3_S3_PS1_
    0 bytes stack frame, 0 bytes spill stores, 0 bytes spill loads
ptxas info    : Used 41 registers
ptxas info    : Compiling entry function '_ZN4sfem13ramp_p_kernelIdEEvlT_PKS1_S3_S3_PS1_' for 'sm_90'
ptxas info    : Function properties for _ZN4sfem13ramp_p_kernelIdEEvlT_PKS1_S3_S3_PS1_
    0 bytes stack frame, 0 bytes spill stores, 0 bytes spill loads
ptxas info    : Used 41 registers
ptxas info    : Compiling entry function '_ZN4sfem21sq_norm_ramp_m_kernelIdEEvlPKT_S3_PS1_' for 'sm_90'
ptxas info    : Function properties for _ZN4sfem21sq_norm_ramp_m_kernelIdEEvlPKT_S3_PS1_
    0 bytes stack frame, 0 bytes spill stores, 0 bytes spill loads
ptxas info    : Used 32 registers, 64 bytes smem
ptxas info    : Compiling entry function '_ZN4sfem21sq_norm_ramp_p_kernelIdEEvlPKT_S3_PS1_' for 'sm_90'
ptxas info    : Function properties for _ZN4sfem21sq_norm_ramp_p_kernelIdEEvlPKT_S3_PS1_
    0 bytes stack frame, 0 bytes spill stores, 0 bytes spill loads
ptxas info    : Used 32 registers, 64 bytes smem
ptxas info    : Compiling entry function '_ZN4sfem19calc_J_pen_p_kernelIfEEvlPKT_S1_S3_S3_PS1_' for 'sm_90'
ptxas info    : Function properties for _ZN4sfem19calc_J_pen_p_kernelIfEEvlPKT_S1_S3_S3_PS1_
    0 bytes stack frame, 0 bytes spill stores, 0 bytes spill loads
ptxas info    : Used 30 registers
ptxas info    : Compiling entry function '_ZN4sfem19calc_J_pen_m_kernelIfEEvlPKT_S1_S3_S3_PS1_' for 'sm_90'
ptxas info    : Function properties for _ZN4sfem19calc_J_pen_m_kernelIfEEvlPKT_S1_S3_S3_PS1_
    0 bytes stack frame, 0 bytes spill stores, 0 bytes spill loads
ptxas info    : Used 30 registers
ptxas info    : Compiling entry function '_ZN4sfem20update_lagr_m_kernelIfEEvlT_PKS1_S3_PS1_' for 'sm_90'
ptxas info    : Function properties for _ZN4sfem20update_lagr_m_kernelIfEEvlT_PKS1_S3_PS1_
    0 bytes stack frame, 0 bytes spill stores, 0 bytes spill loads
ptxas info    : Used 22 registers
ptxas info    : Compiling entry function '_ZN4sfem20update_lagr_p_kernelIfEEvlT_PKS1_S3_PS1_' for 'sm_90'
ptxas info    : Function properties for _ZN4sfem20update_lagr_p_kernelIfEEvlT_PKS1_S3_PS1_
    0 bytes stack frame, 0 bytes spill stores, 0 bytes spill loads
ptxas info    : Used 22 registers
ptxas info    : Compiling entry function '_ZN4sfem13ramp_m_kernelIfEEvlT_PKS1_S3_S3_PS1_' for 'sm_90'
ptxas info    : Function properties for _ZN4sfem13ramp_m_kernelIfEEvlT_PKS1_S3_S3_PS1_
    0 bytes stack frame, 0 bytes spill stores, 0 bytes spill loads
ptxas info    : Used 29 registers
ptxas info    : Compiling entry function '_ZN4sfem13ramp_p_kernelIfEEvlT_PKS1_S3_S3_PS1_' for 'sm_90'
ptxas info    : Function properties for _ZN4sfem13ramp_p_kernelIfEEvlT_PKS1_S3_S3_PS1_
    0 bytes stack frame, 0 bytes spill stores, 0 bytes spill loads
ptxas info    : Used 29 registers
ptxas info    : Compiling entry function '_ZN4sfem21sq_norm_ramp_m_kernelIfEEvlPKT_S3_PS1_' for 'sm_90'
ptxas info    : Function properties for _ZN4sfem21sq_norm_ramp_m_kernelIfEEvlPKT_S3_PS1_
    0 bytes stack frame, 0 bytes spill stores, 0 bytes spill loads
ptxas info    : Used 28 registers, 32 bytes smem
ptxas info    : Compiling entry function '_ZN4sfem21sq_norm_ramp_p_kernelIfEEvlPKT_S3_PS1_' for 'sm_90'
ptxas info    : Function properties for _ZN4sfem21sq_norm_ramp_p_kernelIfEEvlPKT_S3_PS1_
    0 bytes stack frame, 0 bytes spill stores, 0 bytes spill loads
ptxas info    : Used 28 registers, 32 bytes smem
ptxas info    : 542 bytes gmem
ptxas info    : Compiling entry function '_ZN4sfem19max_alpha_lb_kernelIdEEvlPKT_S3_S3_S1_PS1_' for 'sm_90'
ptxas info    : Function properties for _ZN4sfem19max_alpha_lb_kernelIdEEvlPKT_S3_S3_S1_PS1_
    0 bytes stack frame, 0 bytes spill stores, 0 bytes spill loads
ptxas info    : Used 39 registers, 64 bytes smem
ptxas info    : Compiling entry function '_ZN4sfem19max_alpha_ub_kernelIdEEvlPKT_S3_S3_S1_PS1_' for 'sm_90'
ptxas info    : Function properties for _ZN4sfem19max_alpha_ub_kernelIdEEvlPKT_S3_S3_S1_PS1_
    0 bytes stack frame, 0 bytes spill stores, 0 bytes spill loads
ptxas info    : Used 39 registers, 64 bytes smem
ptxas info    : Compiling entry function '_ZN4sfem22max_alpha_lb_ub_kernelIdEEvlPKT_S3_S3_S3_S1_PS1_' for 'sm_90'
ptxas info    : Function properties for _ZN4sfem22max_alpha_lb_ub_kernelIdEEvlPKT_S3_S3_S3_S1_PS1_
    0 bytes stack frame, 0 bytes spill stores, 0 bytes spill loads
ptxas info    : Used 47 registers, 64 bytes smem
ptxas info    : Compiling entry function '_ZN4sfem23free_gradient_lb_kernelIdEEvlPKT_S3_S3_PS1_' for 'sm_90'
ptxas info    : Function properties for _ZN4sfem23free_gradient_lb_kernelIdEEvlPKT_S3_S3_PS1_
    0 bytes stack frame, 0 bytes spill stores, 0 bytes spill loads
ptxas info    : Used 32 registers
ptxas info    : Compiling entry function '_ZN4sfem23free_gradient_ub_kernelIdEEvlPKT_S3_S3_PS1_' for 'sm_90'
ptxas info    : Function properties for _ZN4sfem23free_gradient_ub_kernelIdEEvlPKT_S3_S3_PS1_
    0 bytes stack frame, 0 bytes spill stores, 0 bytes spill loads
ptxas info    : Used 32 registers
ptxas info    : Compiling entry function '_ZN4sfem26free_gradient_lb_ub_kernelIdEEvlPKT_S3_S3_S3_PS1_' for 'sm_90'
ptxas info    : Function properties for _ZN4sfem26free_gradient_lb_ub_kernelIdEEvlPKT_S3_S3_S3_PS1_
    0 bytes stack frame, 0 bytes spill stores, 0 bytes spill loads
ptxas info    : Used 34 registers
ptxas info    : Compiling entry function '_ZN4sfem26chopped_gradient_lb_kernelIdEEvlPKT_S3_S3_PS1_S1_' for 'sm_90'
ptxas info    : Function properties for _ZN4sfem26chopped_gradient_lb_kernelIdEEvlPKT_S3_S3_PS1_S1_
    0 bytes stack frame, 0 bytes spill stores, 0 bytes spill loads
ptxas info    : Used 32 registers
ptxas info    : Compiling entry function '_ZN4sfem26chopped_gradient_ub_kernelIdEEvlPKT_S3_S3_PS1_S1_' for 'sm_90'
ptxas info    : Function properties for _ZN4sfem26chopped_gradient_ub_kernelIdEEvlPKT_S3_S3_PS1_S1_
    0 bytes stack frame, 0 bytes spill stores, 0 bytes spill loads
ptxas info    : Used 32 registers
ptxas info    : Compiling entry function '_ZN4sfem29chopped_gradient_lb_ub_kernelIdEEvlPKT_S3_S3_S3_PS1_S1_' for 'sm_90'
ptxas info    : Function properties for _ZN4sfem29chopped_gradient_lb_ub_kernelIdEEvlPKT_S3_S3_S3_PS1_S1_
    0 bytes stack frame, 0 bytes spill stores, 0 bytes spill loads
ptxas info    : Used 30 registers
ptxas info    : Compiling entry function '_ZN4sfem24norm_gradients_lb_kernelIdEEvlPKT_S3_S3_PS1_S4_S1_' for 'sm_90'
ptxas info    : Function properties for _ZN4sfem24norm_gradients_lb_kernelIdEEvlPKT_S3_S3_PS1_S4_S1_
    0 bytes stack frame, 0 bytes spill stores, 0 bytes spill loads
ptxas info    : Used 32 registers, 64 bytes smem
ptxas info    : Compiling entry function '_ZN4sfem24norm_gradients_ub_kernelIdEEvlPKT_S3_S3_PS1_S4_S1_' for 'sm_90'
ptxas info    : Function properties for _ZN4sfem24norm_gradients_ub_kernelIdEEvlPKT_S3_S3_PS1_S4_S1_
    0 bytes stack frame, 0 bytes spill stores, 0 bytes spill loads
ptxas info    : Used 32 registers, 64 bytes smem
ptxas info    : Compiling entry function '_ZN4sfem27norm_gradients_lb_ub_kernelIdEEvlPKT_S3_S3_S3_PS1_S4_S1_' for 'sm_90'
ptxas info    : Function properties for _ZN4sfem27norm_gradients_lb_ub_kernelIdEEvlPKT_S3_S3_S3_PS1_S4_S1_
    0 bytes stack frame, 0 bytes spill stores, 0 bytes spill loads
ptxas info    : Used 37 registers, 64 bytes smem
ptxas info    : Compiling entry function '_ZN4sfem33norm_projected_gradient_lb_kernelIdEEvlPKT_S3_S3_S1_PS1_' for 'sm_90'
ptxas info    : Function properties for _ZN4sfem33norm_projected_gradient_lb_kernelIdEEvlPKT_S3_S3_S1_PS1_
    0 bytes stack frame, 0 bytes spill stores, 0 bytes spill loads
ptxas info    : Used 32 registers, 64 bytes smem
ptxas info    : Compiling entry function '_ZN4sfem33norm_projected_gradient_ub_kernelIdEEvlPKT_S3_S3_S1_PS1_' for 'sm_90'
ptxas info    : Function properties for _ZN4sfem33norm_projected_gradient_ub_kernelIdEEvlPKT_S3_S3_S1_PS1_
    0 bytes stack frame, 0 bytes spill stores, 0 bytes spill loads
ptxas info    : Used 32 registers, 64 bytes smem
ptxas info    : Compiling entry function '_ZN4sfem36norm_projected_gradient_lb_ub_kernelIdEEvlPKT_S3_S3_S3_S1_PS1_' for 'sm_90'
ptxas info    : Function properties for _ZN4sfem36norm_projected_gradient_lb_ub_kernelIdEEvlPKT_S3_S3_S3_S1_PS1_
    0 bytes stack frame, 0 bytes spill stores, 0 bytes spill loads
ptxas info    : Used 40 registers, 64 bytes smem
ptxas info    : Compiling entry function '_ZN4sfem17project_lb_kernelIdEEvlPKT_PS1_' for 'sm_90'
ptxas info    : Function properties for _ZN4sfem17project_lb_kernelIdEEvlPKT_PS1_
    0 bytes stack frame, 0 bytes spill stores, 0 bytes spill loads
ptxas info    : Used 26 registers
ptxas info    : Compiling entry function '_ZN4sfem17project_ub_kernelIdEEvlPKT_PS1_' for 'sm_90'
ptxas info    : Function properties for _ZN4sfem17project_ub_kernelIdEEvlPKT_PS1_
    0 bytes stack frame, 0 bytes spill stores, 0 bytes spill loads
ptxas info    : Used 26 registers
ptxas info    : Compiling entry function '_ZN4sfem20project_lb_ub_kernelIdEEvlPKT_S3_PS1_' for 'sm_90'
ptxas info    : Function properties for _ZN4sfem20project_lb_ub_kernelIdEEvlPKT_S3_PS1_
    0 bytes stack frame, 0 bytes spill stores, 0 bytes spill loads
ptxas info    : Used 30 registers
ptxas info    : Compiling entry function '_ZN4sfem19max_alpha_lb_kernelIfEEvlPKT_S3_S3_S1_PS1_' for 'sm_90'
ptxas info    : Function properties for _ZN4sfem19max_alpha_lb_kernelIfEEvlPKT_S3_S3_S1_PS1_
    0 bytes stack frame, 0 bytes spill stores, 0 bytes spill loads
ptxas info    : Used 32 registers, 32 bytes smem
ptxas info    : Compiling entry function '_ZN4sfem19max_alpha_ub_kernelIfEEvlPKT_S3_S3_S1_PS1_' for 'sm_90'
ptxas info    : Function properties for _ZN4sfem19max_alpha_ub_kernelIfEEvlPKT_S3_S3_S1_PS1_
    0 bytes stack frame, 0 bytes spill stores, 0 bytes spill loads
ptxas info    : Used 32 registers, 32 bytes smem
ptxas info    : Compiling entry function '_ZN4sfem22max_alpha_lb_ub_kernelIfEEvlPKT_S3_S3_S3_S1_PS1_' for 'sm_90'
ptxas info    : Function properties for _ZN4sfem22max_alpha_lb_ub_kernelIfEEvlPKT_S3_S3_S3_S1_PS1_
    0 bytes stack frame, 0 bytes spill stores, 0 bytes spill loads
ptxas info    : Used 32 registers, 32 bytes smem
ptxas info    : Compiling entry function '_ZN4sfem23free_gradient_lb_kernelIfEEvlPKT_S3_S3_PS1_' for 'sm_90'
ptxas info    : Function properties for _ZN4sfem23free_gradient_lb_kernelIfEEvlPKT_S3_S3_PS1_
    0 bytes stack frame, 0 bytes spill stores, 0 bytes spill loads
ptxas info    : Used 32 registers
ptxas info    : Compiling entry function '_ZN4sfem23free_gradient_ub_kernelIfEEvlPKT_S3_S3_PS1_' for 'sm_90'
ptxas info    : Function properties for _ZN4sfem23free_gradient_ub_kernelIfEEvlPKT_S3_S3_PS1_
    0 bytes stack frame, 0 bytes spill stores, 0 bytes spill loads
ptxas info    : Used 32 registers
ptxas info    : Compiling entry function '_ZN4sfem26free_gradient_lb_ub_kernelIfEEvlPKT_S3_S3_S3_PS1_' for 'sm_90'
ptxas info    : Function properties for _ZN4sfem26free_gradient_lb_ub_kernelIfEEvlPKT_S3_S3_S3_PS1_
    0 bytes stack frame, 0 bytes spill stores, 0 bytes spill loads
ptxas info    : Used 32 registers
ptxas info    : Compiling entry function '_ZN4sfem26chopped_gradient_lb_kernelIfEEvlPKT_S3_S3_PS1_S1_' for 'sm_90'
ptxas info    : Function properties for _ZN4sfem26chopped_gradient_lb_kernelIfEEvlPKT_S3_S3_PS1_S1_
    0 bytes stack frame, 0 bytes spill stores, 0 bytes spill loads
ptxas info    : Used 32 registers
ptxas info    : Compiling entry function '_ZN4sfem26chopped_gradient_ub_kernelIfEEvlPKT_S3_S3_PS1_S1_' for 'sm_90'
ptxas info    : Function properties for _ZN4sfem26chopped_gradient_ub_kernelIfEEvlPKT_S3_S3_PS1_S1_
    0 bytes stack frame, 0 bytes spill stores, 0 bytes spill loads
ptxas info    : Used 32 registers
ptxas info    : Compiling entry function '_ZN4sfem29chopped_gradient_lb_ub_kernelIfEEvlPKT_S3_S3_S3_PS1_S1_' for 'sm_90'
ptxas info    : Function properties for _ZN4sfem29chopped_gradient_lb_ub_kernelIfEEvlPKT_S3_S3_S3_PS1_S1_
    0 bytes stack frame, 0 bytes spill stores, 0 bytes spill loads
ptxas info    : Used 26 registers
ptxas info    : Compiling entry function '_ZN4sfem24norm_gradients_lb_kernelIfEEvlPKT_S3_S3_PS1_S4_S1_' for 'sm_90'
ptxas info    : Function properties for _ZN4sfem24norm_gradients_lb_kernelIfEEvlPKT_S3_S3_PS1_S4_S1_
    0 bytes stack frame, 0 bytes spill stores, 0 bytes spill loads
ptxas info    : Used 32 registers, 32 bytes smem
ptxas info    : Compiling entry function '_ZN4sfem24norm_gradients_ub_kernelIfEEvlPKT_S3_S3_PS1_S4_S1_' for 'sm_90'
ptxas info    : Function properties for _ZN4sfem24norm_gradients_ub_kernelIfEEvlPKT_S3_S3_PS1_S4_S1_
    0 bytes stack frame, 0 bytes spill stores, 0 bytes spill loads
ptxas info    : Used 32 registers, 32 bytes smem
ptxas info    : Compiling entry function '_ZN4sfem27norm_gradients_lb_ub_kernelIfEEvlPKT_S3_S3_S3_PS1_S4_S1_' for 'sm_90'
ptxas info    : Function properties for _ZN4sfem27norm_gradients_lb_ub_kernelIfEEvlPKT_S3_S3_S3_PS1_S4_S1_
    0 bytes stack frame, 0 bytes spill stores, 0 bytes spill loads
ptxas info    : Used 32 registers, 32 bytes smem
ptxas info    : Compiling entry function '_ZN4sfem33norm_projected_gradient_lb_kernelIfEEvlPKT_S3_S3_S1_PS1_' for 'sm_90'
ptxas info    : Function properties for _ZN4sfem33norm_projected_gradient_lb_kernelIfEEvlPKT_S3_S3_S1_PS1_
    0 bytes stack frame, 0 bytes spill stores, 0 bytes spill loads
ptxas info    : Used 32 registers, 32 bytes smem
ptxas info    : Compiling entry function '_ZN4sfem33norm_projected_gradient_ub_kernelIfEEvlPKT_S3_S3_S1_PS1_' for 'sm_90'
ptxas info    : Function properties for _ZN4sfem33norm_projected_gradient_ub_kernelIfEEvlPKT_S3_S3_S1_PS1_
    0 bytes stack frame, 0 bytes spill stores, 0 bytes spill loads
ptxas info    : Used 32 registers, 32 bytes smem
ptxas info    : Compiling entry function '_ZN4sfem36norm_projected_gradient_lb_ub_kernelIfEEvlPKT_S3_S3_S3_S1_PS1_' for 'sm_90'
ptxas info    : Function properties for _ZN4sfem36norm_projected_gradient_lb_ub_kernelIfEEvlPKT_S3_S3_S3_S1_PS1_
    0 bytes stack frame, 0 bytes spill stores, 0 bytes spill loads
ptxas info    : Used 31 registers, 32 bytes smem
ptxas info    : Compiling entry function '_ZN4sfem17project_lb_kernelIfEEvlPKT_PS1_' for 'sm_90'
ptxas info    : Function properties for _ZN4sfem17project_lb_kernelIfEEvlPKT_PS1_
    0 bytes stack frame, 0 bytes spill stores, 0 bytes spill loads
ptxas info    : Used 28 registers
ptxas info    : Compiling entry function '_ZN4sfem17project_ub_kernelIfEEvlPKT_PS1_' for 'sm_90'
ptxas info    : Function properties for _ZN4sfem17project_ub_kernelIfEEvlPKT_PS1_
    0 bytes stack frame, 0 bytes spill stores, 0 bytes spill loads
ptxas info    : Used 28 registers
ptxas info    : Compiling entry function '_ZN4sfem20project_lb_ub_kernelIfEEvlPKT_S3_PS1_' for 'sm_90'
ptxas info    : Function properties for _ZN4sfem20project_lb_ub_kernelIfEEvlPKT_S3_PS1_
    0 bytes stack frame, 0 bytes spill stores, 0 bytes spill loads
ptxas info    : Used 22 registers
make[1]: *** [CMakeFiles/Makefile2:329: CMakeFiles/sfem.dir/all] Error 2
make: *** [Makefile:146: all] Error 2
srun: error: nid006562: task 0: Exited with exit code 2
srun: Terminating StepId=1707484.1
