/usr/bin/ld: /usr/bin/ld: /usr/bin/ld: /usr/bin/ld: /usr/bin/ld: /usr/bin/ld: /usr/bin/ld: libsfem.a(sfem_Function_incore_cuda.cpp.o): in function `sfem::GPUKelvinVoigtNewmark::gradient(double const*, double*)':
/users/hyang/ws/sfem_github/sfem/frontend/cuda/sfem_Function_incore_cuda.cpp:1146:(.text._ZN4sfem21GPUKelvinVoigtNewmark8gradientEPKdPd[_ZN4sfem21GPUKelvinVoigtNewmark8gradientEPKdPd]+0x240): undefined reference to `cu_kelvin_voigt_apply'
/usr/bin/ld: libsfem.a(sfem_Function_incore_cuda.cpp.o): in function `sfem::GPUKelvinVoigtNewmark::apply(double const*, double const*, double*)':
/users/hyang/ws/sfem_github/sfem/frontend/cuda/sfem_Function_incore_cuda.cpp:1216:(.text._ZN4sfem21GPUKelvinVoigtNewmark5applyEPKdS2_Pd[_ZN4sfem21GPUKelvinVoigtNewmark5applyEPKdS2_Pd]+0x244): undefined reference to `cu_kelvin_voigt_apply'
libsfem.a(sfem_Function_incore_cuda.cpp.o): in function `sfem::GPUKelvinVoigtNewmark::gradient(double const*, double*)':
/users/hyang/ws/sfem_github/sfem/frontend/cuda/sfem_Function_incore_cuda.cpp:1146:(.text._ZN4sfem21GPUKelvinVoigtNewmark8gradientEPKdPd[_ZN4sfem21GPUKelvinVoigtNewmark8gradientEPKdPd]+0x240): undefined reference to `cu_kelvin_voigt_apply'
/usr/bin/ld: libsfem.a(sfem_Function_incore_cuda.cpp.o): in function `sfem::GPUKelvinVoigtNewmark::gradient(double const*, double*)':
/users/hyang/ws/sfem_github/sfem/frontend/cuda/sfem_Function_incore_cuda.cpp:1146:(.text._ZN4sfem21GPUKelvinVoigtNewmark8gradientEPKdPd[_ZN4sfem21GPUKelvinVoigtNewmark8gradientEPKdPd]+0x240): undefined reference to `cu_kelvin_voigt_apply'
libsfem.a(sfem_Function_incore_cuda.cpp.o): in function `sfem::GPUKelvinVoigtNewmark::apply(double const*, double const*, double*)':
/users/hyang/ws/sfem_github/sfem/frontend/cuda/sfem_Function_incore_cuda.cpp:/usr/bin/ld1216:(: .text._ZN4sfem21GPUKelvinVoigtNewmark5applyEPKdS2_Pd[_ZN4sfem21GPUKelvinVoigtNewmark5applyEPKdS2_Pd]+0x244): undefined reference to `cu_kelvin_voigt_apply'
libsfem.a(sfem_Function_incore_cuda.cpp.o): in function `sfem::GPUKelvinVoigtNewmark::apply(double const*, double const*, double*)':
/users/hyang/ws/sfem_github/sfem/frontend/cuda/sfem_Function_incore_cuda.cpp:1216:(.text._ZN4sfem21GPUKelvinVoigtNewmark5applyEPKdS2_Pd[_ZN4sfem21GPUKelvinVoigtNewmark5applyEPKdS2_Pd]+0x244): undefined reference to `cu_kelvin_voigt_apply'
libsfem.a(sfem_Function_incore_cuda.cpp.o): in function `sfem::GPUKelvinVoigtNewmark::gradient(double const*, double*)':
/users/hyang/ws/sfem_github/sfem/frontend/cuda/sfem_Function_incore_cuda.cpp:1146:(.text._ZN4sfem21GPUKelvinVoigtNewmark8gradientEPKdPd[_ZN4sfem21GPUKelvinVoigtNewmark8gradientEPKdPd]+0x240): undefined reference to `cu_kelvin_voigt_apply'
/usr/bin/ld: libsfem.a(sfem_Function_incore_cuda.cpp.o): in function `sfem::GPUKelvinVoigtNewmark::apply(double const*, double const*, double*)':
/users/hyang/ws/sfem_github/sfem/frontend/cuda/sfem_Function_incore_cuda.cpp:1216:(.text._ZN4sfem21GPUKelvinVoigtNewmark5applyEPKdS2_Pd[_ZN4sfem21GPUKelvinVoigtNewmark5applyEPKdS2_Pd]+0x244): undefined reference to `cu_kelvin_voigt_apply'
libsfem.a(sfem_Function_incore_cuda.cpp.o): in function `sfem::GPUKelvinVoigtNewmark::gradient(double const*, double*)':
/users/hyang/ws/sfem_github/sfem/frontend/cuda/sfem_Function_incore_cuda.cpp:1146:(.text._ZN4sfem21GPUKelvinVoigtNewmark8gradientEPKdPd[_ZN4sfem21GPUKelvinVoigtNewmark8gradientEPKdPd]+0x240): undefined reference to `cu_kelvin_voigt_apply'
/usr/bin/ld: libsfem.a(sfem_Function_incore_cuda.cpp.o): in function `sfem::GPUKelvinVoigtNewmark::apply(double const*, double const*, double*)':
/users/hyang/ws/sfem_github/sfem/frontend/cuda/sfem_Function_incore_cuda.cpp:1216:(.text._ZN4sfem21GPUKelvinVoigtNewmark5applyEPKdS2_Pd[_ZN4sfem21GPUKelvinVoigtNewmark5applyEPKdS2_Pd]+0x244): undefined reference to `cu_kelvin_voigt_apply'
libsfem.a(sfem_Function_incore_cuda.cpp.o): in function `sfem::GPUKelvinVoigtNewmark::gradient(double const*, double*)':
/users/hyang/ws/sfem_github/sfem/frontend/cuda/sfem_Function_incore_cuda.cpp:1146:(.text._ZN4sfem21GPUKelvinVoigtNewmark8gradientEPKdPd[_ZN4sfem21GPUKelvinVoigtNewmark8gradientEPKdPd]+0x240): undefined reference to `cu_kelvin_voigt_apply'
/usr/bin/ld: libsfem.a(sfem_Function_incore_cuda.cpp.o): in function `sfem::GPUKelvinVoigtNewmark::apply(double const*, double const*, double*)':
/users/hyang/ws/sfem_github/sfem/frontend/cuda/sfem_Function_incore_cuda.cpp:1216:(.text._ZN4sfem21GPUKelvinVoigtNewmark5applyEPKdS2_Pd[_ZN4sfem21GPUKelvinVoigtNewmark5applyEPKdS2_Pd]+0x244): undefined reference to `cu_kelvin_voigt_apply'
libsfem.a(sfem_Function_incore_cuda.cpp.o): in function `sfem::GPUKelvinVoigtNewmark::gradient(double const*, double*)':
/users/hyang/ws/sfem_github/sfem/frontend/cuda/sfem_Function_incore_cuda.cpp:1146:(.text._ZN4sfem21GPUKelvinVoigtNewmark8gradientEPKdPd[_ZN4sfem21GPUKelvinVoigtNewmark8gradientEPKdPd]+0x240): undefined reference to `cu_kelvin_voigt_apply'
/usr/bin/ld: libsfem.a(sfem_Function_incore_cuda.cpp.o): in function `sfem::GPUKelvinVoigtNewmark::apply(double const*, double const*, double*)':
/users/hyang/ws/sfem_github/sfem/frontend/cuda/sfem_Function_incore_cuda.cpp:1216:(.text._ZN4sfem21GPUKelvinVoigtNewmark5applyEPKdS2_Pd[_ZN4sfem21GPUKelvinVoigtNewmark5applyEPKdS2_Pd]+0x244): undefined reference to `cu_kelvin_voigt_apply'
/usr/bin/ld: /usr/bin/ld: /usr/bin/ld: collect2: error: ld returned 1 exit status
make[2]: *** [CMakeFiles/assemble4.dir/build.make:107: assemble4] Error 1
make[1]: *** [CMakeFiles/Makefile2:433: CMakeFiles/assemble4.dir/all] Error 2
make[1]: *** Waiting for unfinished jobs....
libsfem.a(sfem_Function_incore_cuda.cpp.o): in function `sfem::GPUKelvinVoigtNewmark::gradient(double const*, double*)':
/users/hyang/ws/sfem_github/sfem/frontend/cuda/sfem_Function_incore_cuda.cpp:1146:(.text._ZN4sfem21GPUKelvinVoigtNewmark8gradientEPKdPd[_ZN4sfem21GPUKelvinVoigtNewmark8gradientEPKdPd]+0x240): undefined reference to `cu_kelvin_voigt_apply'
/usr/bin/ld: libsfem.a(sfem_Function_incore_cuda.cpp.o): in function `sfem::GPUKelvinVoigtNewmark::apply(double const*, double const*, double*)':
/users/hyang/ws/sfem_github/sfem/frontend/cuda/sfem_Function_incore_cuda.cpp:1216:(.text._ZN4sfem21GPUKelvinVoigtNewmark5applyEPKdS2_Pd[_ZN4sfem21GPUKelvinVoigtNewmark5applyEPKdS2_Pd]+0x244): undefined reference to `cu_kelvin_voigt_apply'
collect2: error: ld returned 1 exit status
libsfem.a(sfem_Function_incore_cuda.cpp.o): in function `make[2]: *** [CMakeFiles/assemble3.dir/build.make:107: assemble3] Error 1
sfem::GPUKelvinVoigtNewmark::gradient(double const*, double*)':
/users/hyang/ws/sfem_github/sfem/frontend/cuda/sfem_Function_incore_cuda.cpp:1146:(.text._ZN4sfem21GPUKelvinVoigtNewmark8gradientEPKdPd[_ZN4sfem21GPUKelvinVoigtNewmark8gradientEPKdPd]+0x240): undefined reference to `cu_kelvin_voigt_apply'
/usr/bin/ld: libsfem.a(sfem_Function_incore_cuda.cpp.o): in function `sfem::GPUKelvinVoigtNewmark::apply(double const*, double const*, double*)':
/users/hyang/ws/sfem_github/sfem/frontend/cuda/sfem_Function_incore_cuda.cpp:1216:(.text._ZN4sfem21GPUKelvinVoigtNewmark5applyEPKdS2_Pd[_ZN4sfem21GPUKelvinVoigtNewmark5applyEPKdS2_Pd]+0x244): undefined reference to `cu_kelvin_voigt_apply'
collect2: error: ld returned 1 exit status
make[1]: *** [CMakeFiles/Makefile2:407: CMakeFiles/assemble3.dir/all] Error 2
libsfem.a(sfem_Function_incore_cuda.cpp.o): in function `sfem::GPUKelvinVoigtNewmark::gradient(double const*, double*)':
/users/hyang/ws/sfem_github/sfem/frontend/cuda/sfem_Function_incore_cuda.cpp:1146:(.text._ZN4sfem21GPUKelvinVoigtNewmark8gradientEPKdPd[_ZN4sfem21GPUKelvinVoigtNewmark8gradientEPKdPd]+0x240): undefined reference to `cu_kelvin_voigt_apply'
/usr/bin/ld: libsfem.a(sfem_Function_incore_cuda.cpp.o): in function `sfem::GPUKelvinVoigtNewmark::apply(double const*, double const*, double*)':
/users/hyang/ws/sfem_github/sfem/frontend/cuda/sfem_Function_incore_cuda.cpp:1216:(.text._ZN4sfem21GPUKelvinVoigtNewmark5applyEPKdS2_Pd[_ZN4sfem21GPUKelvinVoigtNewmark5applyEPKdS2_Pd]+0x244): undefined reference to `cu_kelvin_voigt_apply'
make[2]: *** [CMakeFiles/cauchy_stress.dir/build.make:107: cauchy_stress] Error 1
make[1]: *** [CMakeFiles/Makefile2:537: CMakeFiles/cauchy_stress.dir/all] Error 2
collect2: error: ld returned 1 exit status
make[2]: *** [CMakeFiles/assemble_adjaciency_matrix.dir/build.make:107: assemble_adjaciency_matrix] Error 1
collect2: error: ld returned 1 exit status
make[2]: *** [CMakeFiles/assemble.dir/build.make:107: assemble] Error 1
make[1]: *** [CMakeFiles/Makefile2:459: CMakeFiles/assemble_adjaciency_matrix.dir/all] Error 2
make[1]: *** [CMakeFiles/Makefile2:381: CMakeFiles/assemble.dir/all] Error 2
collect2: error: ld returned 1 exit status
make[2]: *** [CMakeFiles/cdiv.dir/build.make:107: cdiv] Error 1
make[1]: *** [CMakeFiles/Makefile2:563: CMakeFiles/cdiv.dir/all] Error 2
collect2: error: ld returned 1 exit status
make[2]: *** [CMakeFiles/cgrad.dir/build.make:107: cgrad] Error 1
make[1]: *** [CMakeFiles/Makefile2:589: CMakeFiles/cgrad.dir/all] Error 2
/usr/bin/ld: collect2: error: ld returned 1 exit status
make[2]: *** [CMakeFiles/count_element_to_node_incidence.dir/build.make:107: count_element_to_node_incidence] Error 1
collect2: error: ld returned 1 exit status
make[2]: *** [CMakeFiles/cprincipal_strains.dir/build.make:107: cprincipal_strains] Error 1
make[1]: *** [CMakeFiles/Makefile2:667: CMakeFiles/count_element_to_node_incidence.dir/all] Error 2
collect2: error: ld returned 1 exit status
make[1]: *** [CMakeFiles/Makefile2:693: CMakeFiles/cprincipal_strains.dir/all] Error 2
make[2]: *** [CMakeFiles/cprincipal_stresses.dir/build.make:107: cprincipal_stresses] Error 1
make[1]: *** [CMakeFiles/Makefile2:719: CMakeFiles/cprincipal_stresses.dir/all] Error 2
libsfem.a(sfem_Function_incore_cuda.cpp.o): in function `sfem::GPUKelvinVoigtNewmark::gradient(double const*, double*)':
/users/hyang/ws/sfem_github/sfem/frontend/cuda/sfem_Function_incore_cuda.cpp:1146:(.text._ZN4sfem21GPUKelvinVoigtNewmark8gradientEPKdPd[_ZN4sfem21GPUKelvinVoigtNewmark8gradientEPKdPd]+0x240): undefined reference to `cu_kelvin_voigt_apply'
/usr/bin/ld: libsfem.a(sfem_Function_incore_cuda.cpp.o): in function `sfem::GPUKelvinVoigtNewmark::apply(double const*, double const*, double*)':
/users/hyang/ws/sfem_github/sfem/frontend/cuda/sfem_Function_incore_cuda.cpp:1216:(.text._ZN4sfem21GPUKelvinVoigtNewmark5applyEPKdS2_Pd[_ZN4sfem21GPUKelvinVoigtNewmark5applyEPKdS2_Pd]+0x244): undefined reference to `cu_kelvin_voigt_apply'
/usr/bin/ld: collect2: error: ld returned 1 exit status
make[2]: *** [CMakeFiles/create_ring_mesh.dir/build.make:107: create_ring_mesh] Error 1
make[1]: *** [CMakeFiles/Makefile2:823: CMakeFiles/create_ring_mesh.dir/all] Error 2
libsfem.a(sfem_Function_incore_cuda.cpp.o): in function `sfem::GPUKelvinVoigtNewmark::gradient(double const*, double*)':
/users/hyang/ws/sfem_github/sfem/frontend/cuda/sfem_Function_incore_cuda.cpp:1146:(.text._ZN4sfem21GPUKelvinVoigtNewmark8gradientEPKdPd[_ZN4sfem21GPUKelvinVoigtNewmark8gradientEPKdPd]+0x240): undefined reference to `cu_kelvin_voigt_apply'
/usr/bin/ld: libsfem.a(sfem_Function_incore_cuda.cpp.o): in function `sfem::GPUKelvinVoigtNewmark::apply(double const*, double const*, double*)':
/users/hyang/ws/sfem_github/sfem/frontend/cuda/sfem_Function_incore_cuda.cpp:1216:(.text._ZN4sfem21GPUKelvinVoigtNewmark5applyEPKdS2_Pd[_ZN4sfem21GPUKelvinVoigtNewmark5applyEPKdS2_Pd]+0x244): undefined reference to `cu_kelvin_voigt_apply'
collect2: error: ld returned 1 exit status
make[2]: *** [CMakeFiles/create_surface_from_element_adjaciency_table.dir/build.make:107: create_surface_from_element_adjaciency_table] Error 1
make[1]: *** [CMakeFiles/Makefile2:849: CMakeFiles/create_surface_from_element_adjaciency_table.dir/all] Error 2
make: *** [Makefile:146: all] Error 2
srun: error: nid006546: task 0: Exited with exit code 2
srun: Terminating StepId=1707914.1
